<?xml version="1.0" encoding="UTF-8"?>
<!-- Generated by org.testng.reporters.JUnitReportReporter -->
<testsuite skipped="0" hostname="LAPTOP-9VES5GN3" name="KamilMarketTest" tests="1" failures="0" timestamp="2020-12-11T01:47:16 MSK" time="50.937" errors="0">
  <testcase name="addMoreThanMaxValue" time="50.937" classname="KamilMarketTest"/>
  <system-out/>
</testsuite> <!-- KamilMarketTest -->
