<?xml version="1.0" encoding="UTF-8"?>
<!-- Generated by org.testng.reporters.JUnitReportReporter -->
<testsuite skipped="0" hostname="LAPTOP-9VES5GN3" name="WebDriverTest" tests="1" failures="0" timestamp="2020-12-10T23:16:04 MSK" time="30.706" errors="0">
  <testcase name="searchWithParameter" time="30.706" classname="WebDriverTest"/>
  <system-out/>
</testsuite> <!-- WebDriverTest -->
